c:\users\daniel\documents\visual studio 2013\projects\2d shooter 2.0\2d shooter 2.0\debug\vc120.pdb
c:\users\daniel\documents\visual studio 2013\projects\2d shooter 2.0\2d shooter 2.0\debug\vc120.idb
c:\users\daniel\documents\visual studio 2013\projects\2d shooter 2.0\2d shooter 2.0\debug\background.obj
c:\users\daniel\documents\visual studio 2013\projects\2d shooter 2.0\2d shooter 2.0\debug\bullet.obj
c:\users\daniel\documents\visual studio 2013\projects\2d shooter 2.0\2d shooter 2.0\debug\collisionmanager.obj
c:\users\daniel\documents\visual studio 2013\projects\2d shooter 2.0\2d shooter 2.0\debug\enemy1bullet.obj
c:\users\daniel\documents\visual studio 2013\projects\2d shooter 2.0\2d shooter 2.0\debug\enemyship1.obj
c:\users\daniel\documents\visual studio 2013\projects\2d shooter 2.0\2d shooter 2.0\debug\game.obj
c:\users\daniel\documents\visual studio 2013\projects\2d shooter 2.0\2d shooter 2.0\debug\main.obj
c:\users\daniel\documents\visual studio 2013\projects\2d shooter 2.0\2d shooter 2.0\debug\soundmanager.obj
c:\users\daniel\documents\visual studio 2013\projects\2d shooter 2.0\2d shooter 2.0\debug\player.obj
c:\users\daniel\documents\visual studio 2013\projects\2d shooter 2.0\2d shooter 2.0\debug\spriteresource.obj
c:\users\daniel\documents\visual studio 2013\projects\2d shooter 2.0\2d shooter 2.0\debug\enemymissile.obj
c:\users\daniel\documents\visual studio 2013\projects\2d shooter 2.0\2d shooter 2.0\debug\explosions.obj
c:\users\daniel\documents\visual studio 2013\projects\2d shooter 2.0\2d shooter 2.0\debug\mainmenu.obj
c:\users\daniel\documents\visual studio 2013\projects\2d shooter 2.0\debug\2d shooter 2.0.ilk
c:\users\daniel\documents\visual studio 2013\projects\2d shooter 2.0\debug\2d shooter 2.0.exe
c:\users\daniel\documents\visual studio 2013\projects\2d shooter 2.0\debug\2d shooter 2.0.pdb
c:\users\daniel\documents\visual studio 2013\projects\2d shooter 2.0\2d shooter 2.0\debug\2d shooter 2.0.tlog\cl.command.1.tlog
c:\users\daniel\documents\visual studio 2013\projects\2d shooter 2.0\2d shooter 2.0\debug\2d shooter 2.0.tlog\cl.read.1.tlog
c:\users\daniel\documents\visual studio 2013\projects\2d shooter 2.0\2d shooter 2.0\debug\2d shooter 2.0.tlog\cl.write.1.tlog
c:\users\daniel\documents\visual studio 2013\projects\2d shooter 2.0\2d shooter 2.0\debug\2d shooter 2.0.tlog\link.command.1.tlog
c:\users\daniel\documents\visual studio 2013\projects\2d shooter 2.0\2d shooter 2.0\debug\2d shooter 2.0.tlog\link.read.1.tlog
c:\users\daniel\documents\visual studio 2013\projects\2d shooter 2.0\2d shooter 2.0\debug\2d shooter 2.0.tlog\link.write.1.tlog
