Build started 7/6/2015 5:14:28 PM.
     1>Project "C:\Users\Daniel\Documents\Visual Studio 2013\Projects\2D Shooter 2.0\2D Shooter 2.0\2D Shooter 2.0.vcxproj" on node 2 (Build target(s)).
     1>ClCompile:
         C:\Program Files (x86)\Microsoft Visual Studio 12.0\VC\bin\CL.exe /c /ZI /nologo /W3 /WX- /Od /Oy- /D _MBCS /Gm /EHsc /RTC1 /MD /GS /fp:precise /Zc:wchar_t /Zc:forScope /Fo"Debug\\" /Fd"Debug\vc120.pdb" /Gd /TP /analyze- /errorReport:prompt Background.cpp
         Background.cpp
       Link:
         C:\Program Files (x86)\Microsoft Visual Studio 12.0\VC\bin\link.exe /ERRORREPORT:PROMPT /OUT:"C:\Users\Daniel\Documents\Visual Studio 2013\Projects\2D Shooter 2.0\Debug\2D Shooter 2.0.exe" /INCREMENTAL /NOLOGO SDL2.lib SDL2main.lib SDL2_image.lib SDL2_mixer.lib SDL2_ttf.lib kernel32.lib user32.lib gdi32.lib winspool.lib comdlg32.lib advapi32.lib shell32.lib ole32.lib oleaut32.lib uuid.lib odbc32.lib odbccp32.lib /MANIFEST /MANIFESTUAC:"level='asInvoker' uiAccess='false'" /manifest:embed /DEBUG /PDB:"C:\Users\Daniel\Documents\Visual Studio 2013\Projects\2D Shooter 2.0\Debug\2D Shooter 2.0.pdb" /SUBSYSTEM:CONSOLE /TLBID:1 /DYNAMICBASE /NXCOMPAT /IMPLIB:"C:\Users\Daniel\Documents\Visual Studio 2013\Projects\2D Shooter 2.0\Debug\2D Shooter 2.0.lib" /MACHINE:X86 Debug\Background.obj
         Debug\Bullet.obj
         Debug\CollisionManager.obj
         Debug\Enemy1Bullet.obj
         Debug\EnemyMissile.obj
         Debug\EnemyShip1.obj
         Debug\Explosions.obj
         Debug\Game.obj
         Debug\main.obj
         Debug\MainMenu.obj
         Debug\Player.obj
         Debug\SoundManager.obj
         Debug\SpriteResource.obj
         2D Shooter 2.0.vcxproj -> C:\Users\Daniel\Documents\Visual Studio 2013\Projects\2D Shooter 2.0\Debug\2D Shooter 2.0.exe
     1>Done Building Project "C:\Users\Daniel\Documents\Visual Studio 2013\Projects\2D Shooter 2.0\2D Shooter 2.0\2D Shooter 2.0.vcxproj" (Build target(s)).

Build succeeded.

Time Elapsed 00:00:01.44
