Build started 5/11/2015 8:34:00 AM.
     1>Project "C:\Users\Daniel\Documents\Visual Studio 2013\Projects\2D Shooter 2.0\2D Shooter 2.0\2D Shooter 2.0.vcxproj" on node 2 (Build target(s)).
     1>ClCompile:
         C:\Program Files (x86)\Microsoft Visual Studio 12.0\VC\bin\CL.exe /c /Zi /nologo /W3 /WX- /O2 /Oi /Oy- /GL /D _MBCS /Gm- /EHsc /MD /GS /Gy /fp:precise /Zc:wchar_t /Zc:forScope /Fo"Release\\" /Fd"Release\vc120.pdb" /Gd /TP /analyze- /errorReport:prompt Background.cpp Bullet.cpp CollisionManager.cpp Enemy1Bullet.cpp EnemyMissile.cpp EnemyShip1.cpp Explosions.cpp Game.cpp main.cpp MainMenu.cpp Player.cpp SoundManager.cpp SpriteResource.cpp
         Background.cpp
     1>c:\users\daniel\documents\visual studio 2013\projects\2d shooter 2.0\2d shooter 2.0\Common.h(1): fatal error C1083: Cannot open include file: 'SDL.h': No such file or directory
         Bullet.cpp
     1>c:\users\daniel\documents\visual studio 2013\projects\2d shooter 2.0\2d shooter 2.0\Common.h(1): fatal error C1083: Cannot open include file: 'SDL.h': No such file or directory
         CollisionManager.cpp
     1>c:\users\daniel\documents\visual studio 2013\projects\2d shooter 2.0\2d shooter 2.0\Common.h(1): fatal error C1083: Cannot open include file: 'SDL.h': No such file or directory
         Enemy1Bullet.cpp
     1>c:\users\daniel\documents\visual studio 2013\projects\2d shooter 2.0\2d shooter 2.0\Common.h(1): fatal error C1083: Cannot open include file: 'SDL.h': No such file or directory
         EnemyMissile.cpp
     1>c:\users\daniel\documents\visual studio 2013\projects\2d shooter 2.0\2d shooter 2.0\Common.h(1): fatal error C1083: Cannot open include file: 'SDL.h': No such file or directory
         EnemyShip1.cpp
     1>c:\users\daniel\documents\visual studio 2013\projects\2d shooter 2.0\2d shooter 2.0\Common.h(1): fatal error C1083: Cannot open include file: 'SDL.h': No such file or directory
         Explosions.cpp
     1>c:\users\daniel\documents\visual studio 2013\projects\2d shooter 2.0\2d shooter 2.0\Common.h(1): fatal error C1083: Cannot open include file: 'SDL.h': No such file or directory
         Game.cpp
     1>c:\users\daniel\documents\visual studio 2013\projects\2d shooter 2.0\2d shooter 2.0\Common.h(1): fatal error C1083: Cannot open include file: 'SDL.h': No such file or directory
         main.cpp
     1>main.cpp(1): fatal error C1083: Cannot open include file: 'SDL.h': No such file or directory
         MainMenu.cpp
     1>c:\users\daniel\documents\visual studio 2013\projects\2d shooter 2.0\2d shooter 2.0\Common.h(1): fatal error C1083: Cannot open include file: 'SDL.h': No such file or directory
         Player.cpp
     1>c:\users\daniel\documents\visual studio 2013\projects\2d shooter 2.0\2d shooter 2.0\Common.h(1): fatal error C1083: Cannot open include file: 'SDL.h': No such file or directory
         SoundManager.cpp
     1>c:\users\daniel\documents\visual studio 2013\projects\2d shooter 2.0\2d shooter 2.0\Common.h(1): fatal error C1083: Cannot open include file: 'SDL.h': No such file or directory
         SpriteResource.cpp
     1>c:\users\daniel\documents\visual studio 2013\projects\2d shooter 2.0\2d shooter 2.0\Common.h(1): fatal error C1083: Cannot open include file: 'SDL.h': No such file or directory
     1>Done Building Project "C:\Users\Daniel\Documents\Visual Studio 2013\Projects\2D Shooter 2.0\2D Shooter 2.0\2D Shooter 2.0.vcxproj" (Build target(s)) -- FAILED.

Build FAILED.

Time Elapsed 00:00:00.71
